{
  "RSpec": {
    "coverage": {
      "/Users/Kots/codecore/cohortproject/vancouvertechhub/app/controllers/search_controller.rb": [
        1,
        null,
        null,
        null,
        1,
        1,
        0,
        null,
        1,
        null,
        null,
        1,
        1,
        null,
        0,
        null,
        0,
        null,
        0,
        null,
        0,
        null,
        null,
        1,
        0,
        null,
        0,
        0,
        0,
        0,
        0,
        null,
        0,
        null,
        null,
        null,
        null,
        4,
        null,
        null,
        1,
        null,
        1,
        2,
        1,
        null,
        null,
        null,
        null
      ],
      "/Users/Kots/codecore/cohortproject/vancouvertechhub/app/controllers/application_controller.rb": [
        1,
        null,
        null,
        1,
        null,
        1,
        0,
        null,
        0,
        null,
        0,
        null,
        null,
        null,
        1,
        0,
        null,
        1,
        null,
        1,
        0,
        null,
        1,
        null,
        1,
        0,
        null,
        null,
        1,
        0,
        null,
        null,
        1,
        null,
        null
      ]
    },
    "timestamp": 1469733235
  }
}
