{
  "RSpec": {
    "coverage": {
      "/Users/salmansalem/Desktop/vancouver /vancouvertechhub_2/app/controllers/users_controller.rb": [
        1,
        1,
        null,
        1,
        2,
        null,
        null,
        1,
        2,
        null,
        2,
        null,
        null,
        1,
        6,
        6,
        4,
        4,
        null,
        2,
        null,
        null,
        null,
        1,
        4,
        4,
        null,
        0,
        null,
        null,
        null,
        1,
        0,
        0,
        0,
        null,
        0,
        null,
        0,
        0,
        null,
        null,
        null,
        1,
        null,
        1,
        6,
        null,
        null,
        1,
        6,
        null,
        null,
        1,
        4,
        2,
        null,
        2,
        null,
        null,
        null,
        null
      ],
      "/Users/salmansalem/Desktop/vancouver /vancouvertechhub_2/app/controllers/application_controller.rb": [
        1,
        null,
        null,
        1,
        null,
        1,
        0,
        null,
        0,
        null,
        0,
        null,
        null,
        null,
        1,
        22,
        null,
        1,
        null,
        1,
        18,
        null,
        1,
        null,
        1,
        0,
        null,
        null,
        1,
        0,
        null,
        null,
        1,
        null,
        null
      ],
      "/Users/salmansalem/Desktop/vancouver /vancouvertechhub_2/app/services/users/sign_up.rb": [
        1,
        1,
        null,
        1,
        null,
        1,
        null,
        1,
        6,
        6,
        null,
        null,
        1,
        null,
        1,
        4,
        4,
        4,
        null,
        null,
        null
      ],
      "/Users/salmansalem/Desktop/vancouver /vancouvertechhub_2/app/mailers/account_verifications_mailer.rb": [
        1,
        1,
        4,
        null,
        4,
        null,
        null
      ],
      "/Users/salmansalem/Desktop/vancouver /vancouvertechhub_2/app/mailers/application_mailer.rb": [
        1,
        1,
        1,
        null
      ],
      "/Users/salmansalem/Desktop/vancouver /vancouvertechhub_2/app/models/ability.rb": [
        1,
        1,
        null,
        1,
        6,
        null,
        6,
        null,
        6,
        6,
        null,
        6,
        null,
        0,
        null,
        null,
        6,
        null,
        0,
        null,
        null,
        6,
        0,
        null,
        null,
        null,
        null,
        null,
        null,
        null,
        null,
        null,
        null,
        null,
        null,
        null,
        null,
        null,
        null,
        null,
        null,
        null,
        null,
        null,
        null,
        null,
        null,
        null,
        null,
        null,
        null,
        null
      ],
      "/Users/salmansalem/Desktop/vancouver /vancouvertechhub_2/app/models/claim_request.rb": [
        1,
        1,
        1,
        null,
        1,
        1,
        null,
        null
      ],
      "/Users/salmansalem/Desktop/vancouver /vancouvertechhub_2/app/models/news_filter.rb": [
        1,
        1,
        null
      ]
    },
    "timestamp": 1469473274
  }
}
